dfs.journalnode.rpc-address 0.0.0.0:8485 hdfs-default.xml job.xml 
yarn.ipc.rpc.class org.apache.hadoop.yarn.ipc.HadoopYarnProtoRPC yarn-default.xml job.xml 
mapreduce.job.maxtaskfailures.per.tracker 3 mapred-default.xml job.xml 
yarn.client.max-cached-nodemanagers-proxies 0 yarn-default.xml job.xml 
mapreduce.job.speculative.retry-after-speculate 15000 mapred-default.xml job.xml 
ha.health-monitor.connect-retry-interval.ms 1000 core-default.xml job.xml 
yarn.resourcemanager.work-preserving-recovery.enabled true yarn-default.xml job.xml 
dfs.client.mmap.cache.size 256 hdfs-default.xml job.xml 
mapreduce.reduce.markreset.buffer.percent 0.0 mapred-default.xml job.xml 
dfs.datanode.data.dir /home/ccit-cluster/hadooptmp/data hdfs-site.xml job.xml 
mapreduce.jobhistory.max-age-ms 604800000 mapred-default.xml job.xml 
dfs.namenode.lazypersist.file.scrub.interval.sec 300 hdfs-default.xml job.xml 
mapreduce.job.ubertask.enable false mapred-default.xml job.xml 
dfs.namenode.delegation.token.renew-interval 86400000 hdfs-default.xml job.xml 
mapreduce.input.fileinputformat.numinputfiles 1600 programatically job.xml 
yarn.nodemanager.log-aggregation.compression-type none yarn-default.xml job.xml 
dfs.namenode.replication.considerLoad true hdfs-default.xml job.xml 
mapreduce.job.complete.cancel.delegation.tokens true mapred-default.xml job.xml 
mapreduce.jobhistory.datestring.cache.size 200000 mapred-default.xml job.xml 
hadoop.security.kms.client.authentication.retry-count 1 core-default.xml job.xml 
hadoop.ssl.enabled.protocols TLSv1 core-default.xml job.xml 
dfs.namenode.retrycache.heap.percent 0.03f hdfs-default.xml job.xml 
dfs.namenode.top.window.num.buckets 10 hdfs-default.xml job.xml 
yarn.resourcemanager.scheduler.address 192.168.130.56:8030 yarn-site.xml job.xml 
hadoop.http.cross-origin.enabled false core-default.xml job.xml 
mapreduce.job.inputformat.class org.apache.hadoop.examples.terasort.TeraInputFormat programatically job.xml 
fs.s3a.fast.buffer.size 1048576 core-default.xml job.xml 
dfs.client.file-block-storage-locations.num-threads 10 hdfs-default.xml job.xml 
dfs.datanode.balance.bandwidthPerSec 1048576 hdfs-default.xml job.xml 
yarn.resourcemanager.proxy-user-privileges.enabled false yarn-default.xml job.xml 
dfs.namenode.decommission.max.concurrent.tracked.nodes 100 hdfs-default.xml job.xml 
mapreduce.reduce.shuffle.fetch.retry.enabled ${yarn.nodemanager.recovery.enabled} mapred-default.xml job.xml 
io.mapfile.bloom.error.rate 0.005 core-default.xml job.xml 
yarn.nodemanager.resourcemanager.minimum.version NONE yarn-default.xml job.xml 
yarn.resourcemanager.nodemanagers.heartbeat-interval-ms 1000 yarn-default.xml job.xml 
dfs.secondary.namenode.kerberos.internal.spnego.principal ${dfs.web.authentication.kerberos.principal} hdfs-default.xml job.xml 
hadoop.http.cross-origin.allowed-headers X-Requested-With,Content-Type,Accept,Origin core-default.xml job.xml 
yarn.nodemanager.delete.debug-delay-sec 0 yarn-default.xml job.xml 
mapreduce.job.application.attempt.id 1 programatically 
dfs.client.read.shortcircuit.streams.cache.size 256 hdfs-default.xml job.xml 
dfs.image.transfer.bandwidthPerSec 0 hdfs-default.xml job.xml 
yarn.scheduler.maximum-allocation-vcores 32 yarn-default.xml job.xml 
yarn.timeline-service.address ${yarn.timeline-service.hostname}:10200 yarn-default.xml job.xml 
yarn.nodemanager.disk-health-checker.min-free-space-per-disk-mb 0 yarn-default.xml job.xml 
mapreduce.job.hdfs-servers ${fs.defaultFS} yarn-default.xml job.xml 
mapreduce.task.profile.reduce.params ${mapreduce.task.profile.params} mapred-default.xml job.xml 
dfs.namenode.fs-limits.min-block-size 1048576 hdfs-default.xml job.xml 
ftp.stream-buffer-size 4096 core-default.xml job.xml 
dfs.client.use.legacy.blockreader.local false hdfs-default.xml job.xml 
hadoop.http.cross-origin.allowed-methods GET,POST,HEAD core-default.xml job.xml 
dfs.short.circuit.shared.memory.watcher.interrupt.check.ms 60000 hdfs-default.xml job.xml 
dfs.datanode.directoryscan.threads 1 hdfs-default.xml job.xml 
fs.s3a.buffer.dir ${hadoop.tmp.dir}/s3a core-default.xml job.xml 
yarn.client.application-client-protocol.poll-interval-ms 200 yarn-default.xml job.xml 
yarn.timeline-service.leveldb-timeline-store.path ${hadoop.tmp.dir}/yarn/timeline yarn-default.xml job.xml 
mapreduce.job.split.metainfo.maxsize 10000000 mapred-default.xml job.xml 
dfs.namenode.edits.noeditlogchannelflush false hdfs-default.xml job.xml 
s3native.bytes-per-checksum 512 core-default.xml job.xml 
yarn.client.failover-retries-on-socket-timeouts 0 yarn-default.xml job.xml 
dfs.namenode.startup.delay.block.deletion.sec 0 hdfs-default.xml job.xml 
dfs.webhdfs.user.provider.user.pattern ^[A-Za-z_][A-Za-z0-9._-]*[$]?$ hdfs-default.xml job.xml 
mapreduce.tasktracker.tasks.sleeptimebeforesigkill 5000 mapred-default.xml job.xml 
yarn.timeline-service.client.retry-interval-ms 1000 yarn-default.xml job.xml 
dfs.encrypt.data.transfer.cipher.key.bitlength 128 hdfs-default.xml job.xml 
hadoop.http.authentication.type simple core-default.xml job.xml 
dfs.namenode.path.based.cache.refresh.interval.ms 30000 hdfs-default.xml job.xml 
mapreduce.local.clientfactory.class.name org.apache.hadoop.mapred.LocalClientFactory mapred-default.xml job.xml 
dfs.datanode.cache.revocation.timeout.ms 900000 hdfs-default.xml job.xml 
ipc.client.connection.maxidletime 10000 core-default.xml job.xml 
ipc.server.max.connections 0 core-default.xml job.xml 
mapreduce.jobhistory.recovery.store.leveldb.path ${hadoop.tmp.dir}/mapred/history/recoverystore mapred-default.xml job.xml 
dfs.namenode.safemode.threshold-pct 0.999f hdfs-default.xml job.xml 
fs.s3a.multipart.purge.age 86400 core-default.xml job.xml 
dfs.namenode.num.checkpoints.retained 2 hdfs-default.xml job.xml 
yarn.timeline-service.client.best-effort false yarn-default.xml job.xml 
mapreduce.job.ubertask.maxmaps 9 mapred-default.xml job.xml 
dfs.namenode.stale.datanode.interval 30000 hdfs-default.xml job.xml 
yarn.nodemanager.disk-health-checker.max-disk-utilization-per-disk-percentage 100.0 yarn-site.xml job.xml 
mapreduce.tasktracker.http.address 0.0.0.0:50060 mapred-default.xml job.xml 
mapreduce.ifile.readahead.bytes 4194304 mapred-default.xml job.xml 
mapreduce.jobhistory.admin.address 0.0.0.0:10033 mapred-default.xml job.xml 
yarn.sharedcache.uploader.server.thread-count 50 yarn-default.xml job.xml 
s3.client-write-packet-size 65536 core-default.xml job.xml 
dfs.block.access.token.lifetime 600 hdfs-default.xml job.xml 
yarn.app.mapreduce.am.resource.cpu-vcores 1 mapred-default.xml job.xml 
mapreduce.input.lineinputformat.linespermap 1 mapred-default.xml job.xml 
dfs.namenode.num.extra.edits.retained 1000000 hdfs-default.xml job.xml 
mapreduce.reduce.shuffle.input.buffer.percent 0.70 mapred-default.xml job.xml 
hadoop.http.staticuser.user dr.who core-default.xml job.xml 
mapreduce.reduce.maxattempts 4 mapred-default.xml job.xml 
mapreduce.job.partitioner.class org.apache.hadoop.examples.terasort.TeraSort$TotalOrderPartitioner programatically job.xml 
hadoop.security.group.mapping.ldap.search.filter.user (&(objectClass=user)(sAMAccountName={0})) core-default.xml job.xml 
mapreduce.jobhistory.admin.acl * mapred-default.xml job.xml 
dfs.client.context default hdfs-default.xml job.xml 
mapreduce.map.maxattempts 4 mapred-default.xml job.xml 
yarn.resourcemanager.zk-retry-interval-ms 1000 yarn-default.xml job.xml 
mapreduce.jobhistory.cleaner.interval-ms 86400000 mapred-default.xml job.xml 
dfs.datanode.drop.cache.behind.reads false hdfs-default.xml job.xml 
dfs.permissions.superusergroup supergroup hdfs-default.xml job.xml 
fs.s3n.block.size 67108864 core-default.xml job.xml 
hadoop.registry.system.acls sasl:yarn@, sasl:mapred@, sasl:hdfs@ core-default.xml job.xml 
dfs.namenode.list.cache.pools.num.responses 100 hdfs-default.xml job.xml 
dfs.datanode.slow.io.warning.threshold.ms 300 hdfs-default.xml job.xml 
yarn.sharedcache.store.in-memory.check-period-mins 720 yarn-default.xml job.xml 
dfs.namenode.fs-limits.max-blocks-per-file 1048576 hdfs-default.xml job.xml 
yarn.nodemanager.vmem-check-enabled true yarn-default.xml job.xml 
hadoop.security.authentication simple core-default.xml job.xml 
mapreduce.reduce.cpu.vcores 4 mapred-site.xml job.xml 
net.topology.node.switch.mapping.impl org.apache.hadoop.net.ScriptBasedMapping core-default.xml job.xml 
fs.s3.sleepTimeSeconds 10 core-default.xml job.xml 
yarn.timeline-service.ttl-ms 604800000 yarn-default.xml job.xml 
yarn.sharedcache.root-dir /sharedcache yarn-default.xml job.xml 
yarn.resourcemanager.keytab /etc/krb5.keytab yarn-default.xml job.xml 
yarn.resourcemanager.container.liveness-monitor.interval-ms 600000 yarn-default.xml job.xml 
mapreduce.jobtracker.heartbeats.in.second 100 mapred-default.xml job.xml 
mapreduce.terasort.final.sync true programatically job.xml 
yarn.app.mapreduce.am.scheduler.heartbeat.interval-ms 1000 mapred-default.xml job.xml 
yarn.app.mapreduce.client-am.ipc.max-retries-on-timeouts 3 mapred-default.xml job.xml 
yarn.nodemanager.linux-container-executor.cgroups.hierarchy /hadoop-yarn yarn-default.xml job.xml 
s3.bytes-per-checksum 512 core-default.xml job.xml 
hadoop.ssl.require.client.cert false core-default.xml job.xml 
dfs.journalnode.http-address 0.0.0.0:8480 hdfs-default.xml job.xml 
mapreduce.output.fileoutputformat.compress false mapred-default.xml job.xml 
dfs.ha.automatic-failover.enabled false hdfs-default.xml job.xml 
yarn.resourcemanager.webapp.delegation-token-auth-filter.enabled true yarn-default.xml job.xml 
mapreduce.shuffle.max.threads 0 mapred-default.xml job.xml 
dfs.namenode.invalidate.work.pct.per.iteration 0.32f hdfs-default.xml job.xml 
s3native.client-write-packet-size 65536 core-default.xml job.xml 
dfs.client.block.write.replace-datanode-on-failure.policy DEFAULT hdfs-default.xml job.xml 
mapreduce.client.submit.file.replication 10 mapred-default.xml job.xml 
yarn.app.mapreduce.am.job.committer.commit-window 10000 mapred-default.xml job.xml 
yarn.nodemanager.sleep-delay-before-sigkill.ms 250 yarn-default.xml job.xml 
yarn.nodemanager.env-whitelist JAVA_HOME,HADOOP_COMMON_HOME,HADOOP_HDFS_HOME,HADOOP_CONF_DIR,HADOOP_YARN_HOME yarn-default.xml job.xml 
dfs.namenode.acls.enabled false hdfs-default.xml job.xml 
dfs.namenode.secondary.http-address 192.168.130.56:50090 hdfs-site.xml job.xml 
mapreduce.map.speculative true mapred-default.xml job.xml 
mapreduce.job.speculative.slowtaskthreshold 1.0 mapred-default.xml job.xml 
yarn.nodemanager.linux-container-executor.cgroups.mount false yarn-default.xml job.xml 
mapreduce.tasktracker.http.threads 40 mapred-default.xml job.xml 
mapreduce.jobhistory.http.policy HTTP_ONLY mapred-default.xml job.xml 
fs.s3a.paging.maximum 5000 core-default.xml job.xml 
yarn.resourcemanager.nodemanager-connect-retries 10 yarn-default.xml job.xml 
fs.s3.buffer.dir ${hadoop.tmp.dir}/s3 core-default.xml job.xml 
io.native.lib.available true core-site.xml job.xml 
dfs.namenode.heartbeat.recheck-interval 300000 hdfs-default.xml job.xml 
mapreduce.jobhistory.done-dir /jobhistory/done mapred-site.xml job.xml 
hadoop.registry.zk.retry.interval.ms 1000 core-default.xml job.xml 
fs.s3a.threads.core 15 core-default.xml job.xml 
mapreduce.job.reducer.unconditional-preempt.delay.sec 300 mapred-default.xml job.xml 
dfs.namenode.avoid.write.stale.datanode false hdfs-default.xml job.xml 
dfs.namenode.checkpoint.txns 1000000 hdfs-default.xml job.xml 
hadoop.ssl.hostname.verifier DEFAULT core-default.xml job.xml 
mapreduce.task.timeout 600000 mapred-default.xml job.xml 
mapreduce.job.jar /tmp/hadoop-yarn/staging/root/.staging/job_1492088162365_0072/job.jar programatically job.xml 
yarn.nodemanager.disk-health-checker.interval-ms 120000 yarn-default.xml job.xml 
dfs.journalnode.https-address 0.0.0.0:8481 hdfs-default.xml job.xml 
hadoop.security.groups.cache.secs 300 core-default.xml job.xml 
mapreduce.input.fileinputformat.split.minsize 0 mapred-default.xml job.xml 
dfs.datanode.sync.behind.writes false hdfs-default.xml job.xml 
yarn.resourcemanager.fail-fast ${yarn.fail-fast} yarn-default.xml job.xml 
mapreduce.shuffle.port 13562 mapred-default.xml job.xml 
hadoop.rpc.protection authentication core-default.xml job.xml 
dfs.client.https.keystore.resource ssl-client.xml hdfs-default.xml job.xml 
dfs.namenode.list.encryption.zones.num.responses 100 hdfs-default.xml job.xml 
yarn.client.failover-proxy-provider org.apache.hadoop.yarn.client.ConfiguredRMFailoverProxyProvider yarn-default.xml job.xml 
yarn.timeline-service.recovery.enabled false yarn-default.xml job.xml 
mapreduce.jobtracker.retiredjobs.cache.size 1000 mapred-default.xml job.xml 
dfs.ha.tail-edits.period 60 hdfs-default.xml job.xml 
dfs.datanode.drop.cache.behind.writes false hdfs-default.xml job.xml 
fs.s3.maxRetries 4 core-default.xml job.xml 
mapreduce.jobtracker.address local mapred-default.xml job.xml 
hadoop.http.authentication.kerberos.principal HTTP/_HOST@LOCALHOST core-default.xml job.xml 
nfs.server.port 2049 hdfs-default.xml job.xml 
yarn.resourcemanager.webapp.address 192.168.130.56:8088 yarn-site.xml job.xml 
mapred.mapper.new-api true programatically job.xml 
mapreduce.task.profile.reduces 0-2 mapred-default.xml job.xml 
yarn.timeline-service.client.max-retries 30 yarn-default.xml job.xml 
yarn.resourcemanager.am.max-attempts 2 yarn-default.xml job.xml 
nfs.dump.dir /tmp/.hdfs-nfs hdfs-default.xml job.xml 
dfs.bytes-per-checksum 512 hdfs-default.xml job.xml 
mapreduce.job.end-notification.max.retry.interval 5000 mapred-default.xml 
ipc.client.connect.retry.interval 1000 core-default.xml job.xml 
fs.s3a.multipart.size 104857600 core-default.xml job.xml 
yarn.app.mapreduce.am.command-opts -Xmx1024m mapred-default.xml job.xml 
yarn.nodemanager.process-kill-wait.ms 2000 yarn-default.xml job.xml 
yarn.timeline-service.state-store-class org.apache.hadoop.yarn.server.timeline.recovery.LeveldbTimelineStateStore yarn-default.xml job.xml 
dfs.namenode.safemode.min.datanodes 0 hdfs-default.xml job.xml 
mapreduce.job.speculative.minimum-allowed-tasks 10 mapred-default.xml job.xml 
dfs.namenode.write.stale.datanode.ratio 0.5f hdfs-default.xml job.xml 
hadoop.jetty.logs.serve.aliases true core-default.xml job.xml 
yarn.nodemanager.aux-services.mapreduce.shuffle.class org.apache.hadoop.mapred.ShuffleHandler yarn-site.xml job.xml 
mapreduce.reduce.shuffle.fetch.retry.timeout-ms 30000 mapred-default.xml job.xml 
fs.du.interval 600000 core-default.xml job.xml 
mapreduce.tasktracker.dns.nameserver default mapred-default.xml job.xml 
yarn.sharedcache.admin.address 0.0.0.0:8047 yarn-default.xml job.xml 
hadoop.security.random.device.file.path /dev/urandom core-default.xml job.xml 
mapreduce.task.merge.progress.records 10000 mapred-default.xml job.xml 
dfs.webhdfs.enabled true hdfs-site.xml job.xml 
hadoop.registry.secure false core-default.xml job.xml 
hadoop.ssl.client.conf ssl-client.xml core-default.xml job.xml 
mapreduce.job.counters.max 120 mapred-default.xml job.xml 
mapreduce.job.cache.files.visibilities true programatically job.xml 
yarn.nodemanager.localizer.fetch.thread-count 4 yarn-default.xml job.xml 
io.mapfile.bloom.size 1048576 core-default.xml job.xml 
yarn.nodemanager.localizer.client.thread-count 5 yarn-default.xml job.xml 
fs.automatic.close true core-default.xml job.xml 
mapreduce.task.profile false mapred-default.xml job.xml 
yarn.nodemanager.recovery.compaction-interval-secs 3600 yarn-default.xml job.xml 
dfs.namenode.edit.log.autoroll.multiplier.threshold 2.0 hdfs-default.xml job.xml 
mapreduce.task.combine.progress.records 10000 mapred-default.xml job.xml 
mapreduce.shuffle.ssl.file.buffer.size 65536 mapred-default.xml job.xml 
yarn.app.mapreduce.client.job.max-retries 0 mapred-default.xml job.xml 
fs.swift.impl org.apache.hadoop.fs.swift.snative.SwiftNativeFileSystem core-default.xml job.xml 
yarn.app.mapreduce.am.container.log.backups 0 mapred-default.xml job.xml 
mapreduce.job.cache.files.timestamps 1492339413605 programatically job.xml 
dfs.datanode.available-space-volume-choosing-policy.balanced-space-preference-fraction 0.75f hdfs-default.xml job.xml 
dfs.namenode.backup.address 0.0.0.0:50100 hdfs-default.xml job.xml 
dfs.client.https.need-auth false hdfs-default.xml job.xml 
mapreduce.app-submission.cross-platform false mapred-default.xml job.xml 
mapreduce.job.name TeraSort programatically job.xml 
yarn.timeline-service.ttl-enable true yarn-default.xml job.xml 
dfs.user.home.dir.prefix /user hdfs-default.xml job.xml 
mapred.reducer.new-api true programatically job.xml 
yarn.nodemanager.container-monitor.procfs-tree.smaps-based-rss.enabled false yarn-default.xml job.xml 
yarn.nodemanager.keytab /etc/krb5.keytab yarn-default.xml job.xml 
dfs.namenode.xattrs.enabled true hdfs-default.xml job.xml 
dfs.client.write.exclude.nodes.cache.expiry.interval.millis 600000 hdfs-default.xml job.xml 
mapreduce.jobtracker.restart.recover false mapred-default.xml job.xml 
yarn.sharedcache.client-server.address 0.0.0.0:8045 yarn-default.xml job.xml 
mapreduce.map.skip.proc.count.autoincr true mapred-default.xml job.xml 
dfs.namenode.datanode.registration.ip-hostname-check true hdfs-default.xml job.xml 
dfs.image.transfer.chunksize 65536 hdfs-default.xml job.xml 
yarn.nodemanager.webapp.cross-origin.enabled false yarn-default.xml job.xml 
hadoop.security.instrumentation.requires.admin false core-default.xml job.xml 
io.compression.codec.bzip2.library system-native core-default.xml job.xml 
dfs.namenode.name.dir.restore false hdfs-default.xml job.xml 
dfs.namenode.resource.checked.volumes.minimum 1 hdfs-default.xml job.xml 
hadoop.ssl.keystores.factory.class org.apache.hadoop.security.ssl.FileBasedKeyStoresFactory core-default.xml job.xml 
dfs.namenode.list.cache.directives.num.responses 100 hdfs-default.xml job.xml 
fs.ftp.host 0.0.0.0 core-default.xml job.xml 
yarn.app.mapreduce.am.containerlauncher.threadpool-initial-size 10 mapred-default.xml job.xml 
s3.blocksize 67108864 core-default.xml job.xml 
s3native.stream-buffer-size 4096 core-default.xml job.xml 
mapreduce.jobtracker.taskscheduler org.apache.hadoop.mapred.JobQueueTaskScheduler mapred-default.xml job.xml 
dfs.datanode.dns.nameserver default hdfs-default.xml job.xml 
yarn.nodemanager.resource.memory-mb 16384 yarn-site.xml job.xml 
mapreduce.task.userlog.limit.kb 0 mapred-default.xml job.xml 
hadoop.security.crypto.codec.classes.aes.ctr.nopadding org.apache.hadoop.crypto.OpensslAesCtrCryptoCodec,org.apache.hadoop.crypto.JceAesCtrCryptoCodec core-default.xml job.xml 
mapreduce.reduce.speculative true mapred-default.xml job.xml 
yarn.nodemanager.container-monitor.interval-ms 3000 yarn-default.xml job.xml 
mapreduce.job.submithostname sist01 programatically job.xml 
dfs.replication.max 512 hdfs-default.xml job.xml 
dfs.replication 1 programatically job.xml 
yarn.client.failover-retries 0 yarn-default.xml job.xml 
yarn.nodemanager.resource.cpu-vcores 8 yarn-site.xml job.xml 
mapreduce.jobhistory.recovery.enable false mapred-default.xml job.xml 
nfs.exports.allowed.hosts * rw core-default.xml job.xml 
yarn.sharedcache.checksum.algo.impl org.apache.hadoop.yarn.sharedcache.ChecksumSHA256Impl yarn-default.xml job.xml 
mapreduce.reduce.shuffle.memory.limit.percent 0.25 mapred-default.xml job.xml 
file.replication 1 core-default.xml job.xml 
mapreduce.job.reduce.shuffle.consumer.plugin.class org.apache.hadoop.mapreduce.task.reduce.Shuffle mapred-default.xml job.xml 
mapreduce.job.jvm.numtasks 1 mapred-default.xml job.xml 
dfs.datanode.fsdatasetcache.max.threads.per.volume 4 hdfs-default.xml job.xml 
mapreduce.am.max-attempts 2 mapred-default.xml job.xml 
mapreduce.shuffle.connection-keep-alive.timeout 5 mapred-default.xml job.xml 
hadoop.fuse.timer.period 5 hdfs-default.xml job.xml 
mapreduce.job.reduces 1 from command line job.xml 
yarn.app.mapreduce.am.job.task.listener.thread-count 30 mapred-default.xml job.xml 
yarn.resourcemanager.store.class org.apache.hadoop.yarn.server.resourcemanager.recovery.FileSystemRMStateStore yarn-default.xml job.xml 
s3native.replication 3 core-default.xml job.xml 
mapreduce.tasktracker.reduce.tasks.maximum 2 mapred-default.xml job.xml 
fs.permissions.umask-mode 022 core-default.xml job.xml 
mapreduce.cluster.local.dir ${hadoop.tmp.dir}/mapred/local mapred-default.xml job.xml 
mapreduce.client.output.filter FAILED mapred-default.xml job.xml 
yarn.nodemanager.pmem-check-enabled true yarn-default.xml job.xml 
mapred.queue.default.acl-administer-jobs * programatically job.xml 
dfs.client.failover.connection.retries.on.timeouts 0 hdfs-default.xml job.xml 
mapreduce.jobtracker.instrumentation org.apache.hadoop.mapred.JobTrackerMetricsInst mapred-default.xml job.xml 
ftp.replication 3 core-default.xml job.xml 
hadoop.security.group.mapping.ldap.search.attr.member member core-default.xml job.xml 
fs.s3a.max.total.tasks 1000 core-default.xml job.xml 
dfs.namenode.replication.work.multiplier.per.iteration 2 hdfs-default.xml job.xml 
yarn.resourcemanager.fs.state-store.num-retries 0 yarn-default.xml job.xml 
yarn.timeline-service.leveldb-state-store.path ${hadoop.tmp.dir}/yarn/timeline yarn-default.xml job.xml 
yarn.resourcemanager.resource-tracker.address 192.168.130.56:8031 yarn-site.xml job.xml 
mapreduce.tasktracker.outofband.heartbeat false mapred-default.xml job.xml 
dfs.namenode.edits.dir ${dfs.namenode.name.dir} hdfs-default.xml job.xml 
yarn.resourcemanager.scheduler.monitor.enable false yarn-default.xml job.xml 
fs.trash.checkpoint.interval 0 core-default.xml job.xml 
hadoop.registry.zk.retry.times 5 core-default.xml job.xml 
dfs.client.read.shortcircuit.streams.cache.expiry.ms 300000 hdfs-default.xml job.xml 
yarn.timeline-service.leveldb-timeline-store.start-time-write-cache-size 10000 yarn-default.xml job.xml 
s3.stream-buffer-size 4096 core-default.xml job.xml 
fs.s3a.connection.maximum 15 core-default.xml job.xml 
file.client-write-packet-size 65536 core-default.xml job.xml 
mapreduce.tasktracker.healthchecker.script.timeout 600000 mapred-default.xml job.xml 
dfs.namenode.fs-limits.max-directory-items 1048576 hdfs-default.xml job.xml 
mapreduce.tasktracker.taskcontroller org.apache.hadoop.mapred.DefaultTaskController mapred-default.xml job.xml 
dfs.namenode.path.based.cache.block.map.allocation.percent 0.25 hdfs-default.xml job.xml 
fs.s3a.impl org.apache.hadoop.fs.s3a.S3AFileSystem core-default.xml job.xml 
yarn.nodemanager.windows-container.memory-limit.enabled false yarn-default.xml job.xml 
dfs.namenode.checkpoint.dir file://${hadoop.tmp.dir}/dfs/namesecondary hdfs-default.xml job.xml 
yarn.nodemanager.remote-app-log-dir /transfered/logs yarn-site.xml job.xml 
mapreduce.reduce.shuffle.retry-delay.max.ms 60000 mapred-default.xml job.xml 
io.map.index.interval 128 core-default.xml job.xml 
dfs.namenode.replication.interval 3 hdfs-default.xml job.xml 
dfs.client.block.write.replace-datanode-on-failure.enable true hdfs-site.xml job.xml 
hadoop.ssl.server.conf ssl-server.xml core-default.xml job.xml 
hadoop.rpc.socket.factory.class.default org.apache.hadoop.net.StandardSocketFactory core-default.xml job.xml 
yarn.app.mapreduce.client.max-retries 3 mapred-default.xml job.xml 
yarn.nodemanager.address ${yarn.nodemanager.hostname}:0 yarn-default.xml job.xml 
dfs.datanode.max.transfer.threads 4096 hdfs-default.xml job.xml 
ha.failover-controller.graceful-fence.rpc-timeout.ms 5000 core-default.xml job.xml 
dfs.datanode.ipc.address 0.0.0.0:50020 hdfs-default.xml job.xml 
yarn.resourcemanager.delayed.delegation-token.removal-interval-ms 30000 yarn-default.xml job.xml 
dfs.namenode.kerberos.principal.pattern * hdfs-default.xml job.xml 
yarn.timeline-service.enabled false yarn-default.xml job.xml 
dfs.client.cached.conn.retry 3 hdfs-default.xml job.xml 
ipc.maximum.data.length 67108864 core-default.xml job.xml 
dfs.namenode.backup.http-address 0.0.0.0:50105 hdfs-default.xml job.xml 
mapreduce.tasktracker.report.address 127.0.0.1:0 mapred-default.xml job.xml 
dfs.namenode.checkpoint.period 3600 hdfs-default.xml job.xml 
dfs.datanode.shared.file.descriptor.paths /dev/shm,/tmp hdfs-default.xml job.xml 
dfs.http.policy HTTP_ONLY hdfs-default.xml job.xml 
hadoop.security.groups.cache.warn.after.ms 5000 core-default.xml job.xml 
yarn.resourcemanager.fs.state-store.retry-interval-ms 1000 yarn-default.xml job.xml 
dfs.namenode.fs-limits.max-xattrs-per-inode 32 hdfs-default.xml job.xml 
yarn.resourcemanager.zk-acl world:anyone:rwcda yarn-default.xml job.xml 
dfs.namenode.support.allow.format true hdfs-default.xml job.xml 
yarn.sharedcache.app-checker.class org.apache.hadoop.yarn.server.sharedcachemanager.RemoteAppChecker yarn-default.xml job.xml 
dfs.namenode.checkpoint.max-retries 3 hdfs-default.xml job.xml 
yarn.resourcemanager.fs.state-store.retry-policy-spec 2000, 500 yarn-default.xml job.xml 
fs.s3a.fast.upload false core-default.xml job.xml 
mapreduce.job.committer.setup.cleanup.needed true mapred-default.xml job.xml 
dfs.datanode.cache.revocation.polling.ms 500 hdfs-default.xml job.xml 
mapreduce.job.end-notification.retry.attempts 0 mapred-default.xml job.xml 
yarn.resourcemanager.state-store.max-completed-applications ${yarn.resourcemanager.max-completed-applications} yarn-default.xml job.xml 
mapreduce.map.output.compress false mapred-default.xml job.xml 
mapreduce.jobhistory.cleaner.enable true mapred-default.xml job.xml 
mapreduce.job.running.reduce.limit 0 mapred-default.xml job.xml 
io.seqfile.local.dir ${hadoop.tmp.dir}/io/local core-default.xml job.xml 
dfs.blockreport.split.threshold 1000000 hdfs-default.xml job.xml 
mapreduce.reduce.shuffle.read.timeout 180000 mapred-default.xml job.xml 
mapreduce.job.queuename default mapred-default.xml job.xml 
dfs.datanode.scan.period.hours 504 hdfs-default.xml job.xml 
ipc.client.connect.max.retries 10 core-default.xml job.xml 
io.seqfile.lazydecompress true core-default.xml job.xml 
yarn.app.mapreduce.am.staging-dir /tmp/hadoop-yarn/staging mapred-default.xml job.xml 
yarn.nodemanager.linux-container-executor.resources-handler.class org.apache.hadoop.yarn.server.nodemanager.util.DefaultLCEResourcesHandler yarn-default.xml job.xml 
yarn.app.mapreduce.client.job.retry-interval 2000 mapred-default.xml job.xml 
yarn.timeline-service.leveldb-timeline-store.read-cache-size 104857600 yarn-default.xml job.xml 
io.file.buffer.size 4096 core-default.xml job.xml 
yarn.resourcemanager.webapp.cross-origin.enabled false yarn-default.xml job.xml 
yarn.resourcemanager.am-rm-tokens.master-key-rolling-interval-secs 86400 yarn-default.xml job.xml 
ha.zookeeper.parent-znode /hadoop-ha core-default.xml job.xml 
mapreduce.tasktracker.indexcache.mb 10 mapred-default.xml job.xml 
tfile.io.chunk.size 1048576 core-default.xml job.xml 
yarn.resourcemanager.work-preserving-recovery.scheduling-wait-ms 10000 yarn-default.xml job.xml 
yarn.timeline-service.keytab /etc/krb5.keytab yarn-default.xml job.xml 
mapreduce.job.submithostaddress 192.168.130.56 programatically job.xml 
yarn.acl.enable false yarn-default.xml job.xml 
rpc.engine.org.apache.hadoop.hdfs.protocolPB.ClientNamenodeProtocolPB org.apache.hadoop.ipc.ProtobufRpcEngine programatically 
hadoop.security.group.mapping.ldap.directory.search.timeout 10000 core-default.xml job.xml 
mapreduce.job.token.tracking.ids.enabled false mapred-default.xml job.xml 
dfs.datanode.block-pinning.enabled false hdfs-default.xml job.xml 
mapreduce.map.output.compress.codec org.apache.hadoop.io.compress.DefaultCodec mapred-default.xml job.xml 
yarn.sharedcache.enabled false yarn-default.xml job.xml 
s3.replication 3 core-default.xml job.xml 
hadoop.registry.zk.root /registry core-default.xml job.xml 
tfile.fs.input.buffer.size 262144 core-default.xml job.xml 
yarn.timeline-service.http-authentication.type simple yarn-default.xml job.xml 
mapreduce.job.user.name root programatically 
ha.failover-controller.graceful-fence.connection.retries 1 core-default.xml job.xml 
net.topology.script.number.args 100 core-default.xml job.xml 
fs.s3n.multipart.uploads.block.size 67108864 core-default.xml job.xml 
yarn.sharedcache.admin.thread-count 1 yarn-default.xml job.xml 
yarn.nodemanager.recovery.dir ${hadoop.tmp.dir}/yarn-nm-recovery yarn-default.xml job.xml 
hadoop.ssl.enabled false core-default.xml job.xml 
fs.AbstractFileSystem.ftp.impl org.apache.hadoop.fs.ftp.FtpFs core-default.xml job.xml 
yarn.timeline-service.handler-thread-count 10 yarn-default.xml job.xml 
yarn.nodemanager.container-metrics.unregister-delay-ms 10000 yarn-default.xml job.xml 
dfs.namenode.reject-unresolved-dn-topology-mapping false hdfs-default.xml job.xml 
mapreduce.jobhistory.recovery.store.class org.apache.hadoop.mapreduce.v2.hs.HistoryServerFileSystemStateStoreService mapred-default.xml job.xml 
yarn.nodemanager.log.retain-seconds 10800 yarn-default.xml job.xml 
yarn.resourcemanager.admin.address 192.168.130.56:8033 yarn-site.xml job.xml 
yarn.resourcemanager.recovery.enabled false yarn-default.xml job.xml 
dfs.client.slow.io.warning.threshold.ms 30000 hdfs-default.xml job.xml 
yarn.resourcemanager.ha.automatic-failover.zk-base-path /yarn-leader-election yarn-default.xml job.xml 
fs.AbstractFileSystem.viewfs.impl org.apache.hadoop.fs.viewfs.ViewFs core-default.xml job.xml 
mapreduce.tasktracker.dns.interface default mapred-default.xml job.xml 
mapreduce.jobtracker.handler.count 10 mapred-default.xml job.xml 
dfs.blockreport.initialDelay 0 hdfs-default.xml job.xml 
fs.AbstractFileSystem.hdfs.impl org.apache.hadoop.fs.Hdfs core-default.xml job.xml 
dfs.namenode.top.enabled true hdfs-default.xml job.xml 
dfs.namenode.retrycache.expirytime.millis 600000 hdfs-default.xml job.xml 
mapreduce.job.speculative.speculative-cap-total-tasks 0.01 mapred-default.xml job.xml 
dfs.client.failover.sleep.max.millis 15000 hdfs-default.xml job.xml 
yarn.timeline-service.generic-application-history.max-applications 10000 yarn-default.xml job.xml 
mapreduce.job.output.value.class org.apache.hadoop.io.Text programatically job.xml 
yarn.sharedcache.nm.uploader.thread-count 20 yarn-default.xml job.xml 
dfs.namenode.blocks.per.postponedblocks.rescan 10000 hdfs-default.xml job.xml 
yarn.resourcemanager.max-completed-applications 10000 yarn-default.xml job.xml 
yarn.nodemanager.log-dirs /home/ccit-cluster/nsmlog/nmlog yarn-site.xml job.xml 
dfs.client.failover.sleep.base.millis 500 hdfs-default.xml job.xml 
yarn.nodemanager.linux-container-executor.nonsecure-mode.user-pattern ^[_.A-Za-z0-9][-@_.A-Za-z0-9]{0,255}?[$]?$ yarn-default.xml job.xml 
dfs.default.chunk.view.size 32768 hdfs-default.xml job.xml 
dfs.client.read.shortcircuit false hdfs-default.xml job.xml 
ftp.blocksize 67108864 core-default.xml job.xml 
mapreduce.job.acl-modify-job   mapred-default.xml job.xml 
fs.defaultFS hdfs://192.168.130.56:9000 core-site.xml job.xml 
hadoop.http.filter.initializers org.apache.hadoop.yarn.server.webproxy.amfilter.AmFilterInitializer programatically job.xml 
fs.s3n.multipart.copy.block.size 5368709120 core-default.xml job.xml 
yarn.resourcemanager.connect.max-wait.ms 900000 yarn-default.xml job.xml 
hadoop.security.group.mapping.ldap.ssl false core-default.xml job.xml 
dfs.namenode.max.extra.edits.segments.retained 10000 hdfs-default.xml job.xml 
dfs.namenode.https-address 0.0.0.0:50470 hdfs-default.xml job.xml 
yarn.nodemanager.aux-services mapreduce_shuffle yarn-site.xml job.xml 
dfs.block.scanner.volume.bytes.per.second 1048576 hdfs-default.xml job.xml 
yarn.sharedcache.store.class org.apache.hadoop.yarn.server.sharedcachemanager.store.InMemorySCMStore yarn-default.xml job.xml 
dfs.namenode.decommission.blocks.per.interval 500000 hdfs-default.xml job.xml 
yarn.fail-fast false yarn-default.xml job.xml 
yarn.resourcemanager.admin.client.thread-count 1 yarn-default.xml job.xml 
hadoop.security.kms.client.encrypted.key.cache.size 500 core-default.xml job.xml 
yarn.app.mapreduce.shuffle.log.separate true mapred-default.xml job.xml 
ipc.client.kill.max 10 core-default.xml job.xml 
hadoop.security.group.mapping.ldap.search.filter.group (objectClass=group) core-default.xml job.xml 
fs.AbstractFileSystem.file.impl org.apache.hadoop.fs.local.LocalFs core-default.xml job.xml 
hadoop.http.authentication.kerberos.keytab ${user.home}/hadoop.keytab core-default.xml job.xml 
yarn.client.nodemanager-connect.max-wait-ms 180000 yarn-default.xml job.xml 
mapreduce.job.map.output.collector.class org.apache.hadoop.mapred.MapTask$MapOutputBuffer mapred-default.xml job.xml 
dfs.namenode.path.based.cache.retry.interval.ms 30000 hdfs-default.xml job.xml 
hadoop.security.uid.cache.secs 14400 core-default.xml job.xml 
mapreduce.map.cpu.vcores 1 yarn-site.xml job.xml 
yarn.log-aggregation.retain-check-interval-seconds -1 yarn-default.xml job.xml 
mapreduce.map.log.level INFO mapred-default.xml job.xml 
mapred.child.java.opts -Xmx1024m mapred-site.xml job.xml 
yarn.app.mapreduce.am.hard-kill-timeout-ms 10000 mapred-default.xml job.xml 
mapreduce.job.output.key.class org.apache.hadoop.io.Text programatically job.xml 
hadoop.registry.zk.session.timeout.ms 60000 core-default.xml job.xml 
rpc.engine.org.apache.hadoop.mapreduce.v2.api.MRClientProtocolPB org.apache.hadoop.ipc.ProtobufRpcEngine programatically 
mapreduce.job.running.map.limit 0 mapred-default.xml job.xml 
yarn.sharedcache.store.in-memory.initial-delay-mins 10 yarn-default.xml job.xml 
yarn.sharedcache.client-server.thread-count 50 yarn-default.xml job.xml 
yarn.nodemanager.local-cache.max-files-per-directory 8192 yarn-default.xml job.xml 
dfs.https.server.keystore.resource ssl-server.xml hdfs-default.xml job.xml 
mapreduce.jobtracker.taskcache.levels 2 mapred-default.xml job.xml 
dfs.datanode.handler.count 10 hdfs-default.xml job.xml 
s3native.blocksize 67108864 core-default.xml job.xml 
mapreduce.client.completion.pollinterval 5000 mapred-default.xml job.xml 
dfs.stream-buffer-size 4096 hdfs-default.xml job.xml 
dfs.namenode.delegation.key.update-interval 86400000 hdfs-default.xml job.xml 
mapreduce.job.maps 1600 programatically job.xml 
mapreduce.job.acl-view-job   mapred-default.xml job.xml 
mapreduce.job.working.dir hdfs://192.168.130.56:9000/user/root programatically job.xml 
dfs.namenode.enable.retrycache true hdfs-default.xml job.xml 
yarn.resourcemanager.connect.retry-interval.ms 30000 yarn-default.xml job.xml 
yarn.timeline-service.leveldb-timeline-store.ttl-interval-ms 300000 yarn-default.xml job.xml 
fs.s3a.multipart.threshold 2147483647 core-default.xml job.xml 
dfs.namenode.decommission.interval 30 hdfs-default.xml job.xml 
mapreduce.shuffle.max.connections 0 mapred-default.xml job.xml 
mapreduce.input.fileinputformat.inputdir hdfs://192.168.130.56:9000/nsm/terasort/50g/input programatically job.xml 
yarn.log-aggregation-enable true yarn-site.xml job.xml 
mapreduce.job.cache.files /nsm/terasort/50g/output/_partition.lst#_partition.lst programatically job.xml 
dfs.client-write-packet-size 65536 hdfs-default.xml job.xml 
dfs.client.file-block-storage-locations.timeout.millis 1000 hdfs-default.xml job.xml 
dfs.client.block.write.retries 3 hdfs-default.xml job.xml 
mapreduce.jobtracker.expire.trackers.interval 600000 mapred-default.xml job.xml 
mapreduce.task.io.sort.factor 10 mapred-default.xml job.xml 
ha.health-monitor.sleep-after-disconnect.ms 1000 core-default.xml job.xml 
ha.zookeeper.session-timeout.ms 5000 core-default.xml job.xml 
yarn.nodemanager.linux-container-executor.nonsecure-mode.limit-users true yarn-default.xml job.xml 
mapreduce.input.fileinputformat.list-status.num-threads 1 mapred-default.xml job.xml 
io.skip.checksum.errors false core-default.xml job.xml 
yarn.resourcemanager.scheduler.client.thread-count 50 yarn-default.xml job.xml 
rpc.engine.org.apache.hadoop.ipc.ProtocolMetaInfoPB org.apache.hadoop.ipc.ProtobufRpcEngine programatically 
dfs.namenode.safemode.extension 30000 hdfs-default.xml job.xml 
mapreduce.jobhistory.move.thread-count 3 mapred-default.xml job.xml 
yarn.resourcemanager.zk-state-store.parent-path /rmstore yarn-default.xml job.xml 
ipc.client.idlethreshold 4000 core-default.xml job.xml 
yarn.sharedcache.cleaner.initial-delay-mins 10 yarn-default.xml job.xml 
dfs.namenode.accesstime.precision 3600000 hdfs-default.xml job.xml 
mapreduce.task.profile.params -agentlib:hprof=cpu=samples,heap=sites,force=n,thread=y,verbose=n,file=%s mapred-default.xml job.xml 
mapreduce.jobhistory.keytab /etc/security/keytab/jhs.service.keytab mapred-default.xml job.xml 
dfs.datanode.hdfs-blocks-metadata.enabled false hdfs-default.xml job.xml 
yarn.scheduler.minimum-allocation-mb 1024 yarn-default.xml job.xml 
yarn.resourcemanager.container-tokens.master-key-rolling-interval-secs 86400 yarn-default.xml job.xml 
mapreduce.reduce.shuffle.fetch.retry.interval-ms 1000 mapred-default.xml job.xml 
hadoop.user.group.static.mapping.overrides dr.who=; core-default.xml job.xml 
hadoop.security.kms.client.encrypted.key.cache.low-watermark 0.3f core-default.xml job.xml 
yarn.dispatcher.exit-on-error true programatically 
dfs.datanode.directoryscan.interval 21600 hdfs-default.xml job.xml 
fs.s3a.connection.ssl.enabled true core-default.xml job.xml 
yarn.resourcemanager.scheduler.monitor.policies org.apache.hadoop.yarn.server.resourcemanager.monitor.capacity.ProportionalCapacityPreemptionPolicy yarn-default.xml job.xml 
mapreduce.output.fileoutputformat.outputdir hdfs://192.168.130.56:9000/nsm/terasort/50g/output programatically job.xml 
ipc.server.listen.queue.size 128 core-default.xml job.xml 
rpc.metrics.quantile.enable false core-default.xml job.xml 
yarn.nodemanager.log-aggregation.roll-monitoring-interval-seconds -1 yarn-default.xml job.xml 
mapreduce.jobtracker.persist.jobstatus.dir /jobtracker/jobsInfo mapred-default.xml job.xml 
yarn.client.nodemanager-client-async.thread-pool-max-size 500 yarn-default.xml job.xml 
hadoop.security.group.mapping org.apache.hadoop.security.JniBasedUnixGroupsMappingWithFallback core-default.xml job.xml 
yarn.resourcemanager.system-metrics-publisher.enabled false yarn-default.xml job.xml 
dfs.namenode.name.dir /home/ccit-cluster/hadooptmp/name hdfs-site.xml job.xml 
yarn.am.liveness-monitor.expiry-interval-ms 600000 yarn-default.xml job.xml 
yarn.nm.liveness-monitor.expiry-interval-ms 600000 yarn-default.xml job.xml 
ftp.bytes-per-checksum 512 core-default.xml job.xml 
yarn.sharedcache.nested-level 3 yarn-default.xml job.xml 
dfs.namenode.max.objects 0 hdfs-default.xml job.xml 
mapreduce.job.emit-timeline-data false mapred-default.xml job.xml 
mapreduce.map.memory.mb 2048 yarn-site.xml job.xml 
yarn.client.nodemanager-connect.retry-interval-ms 10000 yarn-default.xml job.xml 
hadoop.http.cross-origin.max-age 1800 core-default.xml job.xml 
dfs.namenode.edits.journal-plugin.qjournal org.apache.hadoop.hdfs.qjournal.client.QuorumJournalManager hdfs-default.xml job.xml 
mapreduce.tasktracker.healthchecker.interval 60000 mapred-default.xml job.xml 
nfs.wtmax 1048576 hdfs-default.xml job.xml 
yarn.timeline-service.leveldb-timeline-store.start-time-read-cache-size 10000 yarn-default.xml job.xml 
mapreduce.job.speculative.retry-after-no-speculate 1000 mapred-default.xml job.xml 
hadoop.registry.zk.connection.timeout.ms 15000 core-default.xml job.xml 
yarn.resourcemanager.address 192.168.130.56:8032 yarn-site.xml job.xml 
ipc.client.rpc-timeout.ms 0 core-default.xml job.xml 
dfs.cachereport.intervalMsec 10000 hdfs-default.xml job.xml 
mapreduce.task.skip.start.attempts 2 mapred-default.xml job.xml 
yarn.resourcemanager.zk-timeout-ms 10000 yarn-default.xml job.xml 
dfs.namenode.checkpoint.edits.dir ${dfs.namenode.checkpoint.dir} hdfs-default.xml job.xml 
hadoop.hdfs.configuration.version 1 hdfs-default.xml job.xml 
yarn.sharedcache.cleaner.resource-sleep-ms 0 yarn-default.xml job.xml 
mapreduce.map.skip.maxrecords 0 mapred-default.xml job.xml 
yarn.resourcemanager.system-metrics-publisher.dispatcher.pool-size 10 yarn-default.xml job.xml 
dfs.datanode.available-space-volume-choosing-policy.balanced-space-threshold 10737418240 hdfs-default.xml job.xml 
nfs.allow.insecure.ports true hdfs-default.xml job.xml 
mapreduce.jobtracker.system.dir ${hadoop.tmp.dir}/mapred/system mapred-default.xml job.xml 
yarn.timeline-service.hostname 0.0.0.0 yarn-default.xml job.xml 
hadoop.registry.rm.enabled false core-default.xml job.xml 
mapreduce.job.reducer.preempt.delay.sec 0 mapred-default.xml job.xml 
mapreduce.shuffle.ssl.enabled false mapred-default.xml job.xml 
yarn.nodemanager.vmem-pmem-ratio 2.1 yarn-default.xml job.xml 
yarn.nodemanager.container-manager.thread-count 20 yarn-default.xml job.xml 
dfs.encrypt.data.transfer false hdfs-default.xml job.xml 
dfs.block.access.key.update.interval 600 hdfs-default.xml job.xml 
hadoop.tmp.dir /home/ccit-cluster/hadooptmp/tmp core-site.xml job.xml 
dfs.namenode.audit.loggers default hdfs-default.xml job.xml 
fs.AbstractFileSystem.har.impl org.apache.hadoop.fs.HarFs core-default.xml job.xml 
yarn.nodemanager.localizer.cache.target-size-mb 10240 yarn-default.xml job.xml 
yarn.app.mapreduce.shuffle.log.backups 0 mapred-default.xml job.xml 
yarn.http.policy HTTP_ONLY yarn-default.xml job.xml 
dfs.client.short.circuit.replica.stale.threshold.ms 1800000 hdfs-default.xml job.xml 
yarn.timeline-service.webapp.https.address ${yarn.timeline-service.hostname}:8190 yarn-default.xml job.xml 
yarn.resourcemanager.amlauncher.thread-count 50 yarn-default.xml job.xml 
mapreduce.jobtracker.persist.jobstatus.hours 1 mapred-default.xml job.xml 
yarn.log.server.url http://192.168.130.56:19888/jobhistory/logs yarn-site.xml job.xml 
tfile.fs.output.buffer.size 262144 core-default.xml job.xml 
dfs.namenode.checkpoint.check.period 60 hdfs-default.xml job.xml 
dfs.datanode.dns.interface default hdfs-default.xml job.xml 
fs.ftp.host.port 21 core-default.xml job.xml 
mapreduce.task.io.sort.mb 100 mapred-default.xml job.xml 
dfs.namenode.inotify.max.events.per.rpc 1000 hdfs-default.xml job.xml 
hadoop.security.group.mapping.ldap.search.attr.group.name cn core-default.xml job.xml 
dfs.namenode.avoid.read.stale.datanode false hdfs-default.xml job.xml 
mapreduce.output.fileoutputformat.compress.type RECORD mapred-default.xml job.xml 
mapreduce.reduce.skip.proc.count.autoincr true mapred-default.xml job.xml 
file.bytes-per-checksum 512 core-default.xml job.xml 
mapreduce.job.userlog.retain.hours 24 mapred-default.xml job.xml 
dfs.datanode.http.address 0.0.0.0:50075 hdfs-default.xml job.xml 
dfs.image.compress false hdfs-default.xml job.xml 
ha.health-monitor.check-interval.ms 1000 core-default.xml job.xml 
dfs.permissions.enabled false hdfs-site.xml job.xml 
yarn.resourcemanager.resource-tracker.client.thread-count 50 yarn-default.xml job.xml 
dfs.client.domain.socket.data.traffic false hdfs-default.xml job.xml 
dfs.image.compression.codec org.apache.hadoop.io.compress.DefaultCodec hdfs-default.xml job.xml 
dfs.block.access.token.enable false hdfs-default.xml job.xml 
dfs.datanode.address 0.0.0.0:50010 hdfs-default.xml job.xml 
mapreduce.reduce.input.buffer.percent 0.0 mapred-default.xml job.xml 
yarn.nodemanager.linux-container-executor.cgroups.strict-resource-usage false yarn-default.xml job.xml 
mapreduce.tasktracker.local.dir.minspacestart 0 mapred-default.xml job.xml 
dfs.blockreport.intervalMsec 21600000 hdfs-default.xml job.xml 
ha.health-monitor.rpc-timeout.ms 45000 core-default.xml job.xml 
dfs.datanode.bp-ready.timeout 20 hdfs-default.xml job.xml 
dfs.client.failover.connection.retries 0 hdfs-default.xml job.xml 
dfs.namenode.kerberos.internal.spnego.principal ${dfs.web.authentication.kerberos.principal} hdfs-default.xml job.xml 
yarn.scheduler.maximum-allocation-mb 8192 yarn-default.xml job.xml 
yarn.resourcemanager.leveldb-state-store.path ${hadoop.tmp.dir}/yarn/system/rmstore yarn-default.xml job.xml 
mapreduce.task.files.preserve.failedtasks false mapred-default.xml job.xml 
yarn.nodemanager.delete.thread-count 4 yarn-default.xml job.xml 
mapreduce.output.fileoutputformat.compress.codec org.apache.hadoop.io.compress.DefaultCodec mapred-default.xml job.xml 
map.sort.class org.apache.hadoop.util.QuickSort mapred-default.xml job.xml 
mapreduce.job.classloader false mapred-default.xml job.xml 
hadoop.registry.zk.retry.ceiling.ms 60000 core-default.xml job.xml 
mapreduce.jobtracker.tasktracker.maxblacklists 4 mapred-default.xml job.xml 
dfs.blocksize 134217728 hdfs-default.xml job.xml 
io.seqfile.compress.blocksize 1000000 core-default.xml job.xml 
mapreduce.task.profile.maps 0-2 mapred-default.xml job.xml 
mapreduce.jobtracker.staging.root.dir ${hadoop.tmp.dir}/mapred/staging mapred-default.xml job.xml 
yarn.nodemanager.localizer.cache.cleanup.interval-ms 600000 yarn-default.xml job.xml 
mapreduce.jobtracker.http.address 0.0.0.0:50030 mapred-default.xml job.xml 
mapreduce.job.dir /tmp/hadoop-yarn/staging/root/.staging/job_1492088162365_0072 programatically job.xml 
dfs.client.mmap.cache.timeout.ms 3600000 hdfs-default.xml job.xml 
hadoop.http.cross-origin.allowed-origins * core-default.xml job.xml 
hadoop.security.java.secure.random.algorithm SHA1PRNG core-default.xml job.xml 
fs.client.resolve.remote.symlinks true core-default.xml job.xml 
mapreduce.tasktracker.local.dir.minspacekill 0 mapred-default.xml job.xml 
nfs.mountd.port 4242 hdfs-default.xml job.xml 
yarn.nodemanager.disk-health-checker.min-healthy-disks 0.0 yarn-site.xml job.xml 
mapreduce.tasktracker.taskmemorymanager.monitoringinterval 5000 mapred-default.xml job.xml 
dfs.namenode.resource.du.reserved 104857600 hdfs-default.xml job.xml 
mapreduce.job.end-notification.retry.interval 1000 mapred-default.xml job.xml 
mapreduce.jobhistory.loadedjobs.cache.size 5 mapred-default.xml job.xml 
dfs.client.datanode-restart.timeout 30 hdfs-default.xml job.xml 
yarn.nodemanager.local-dirs /home/ccit-cluster/nsmlog/nmlocal yarn-site.xml job.xml 
dfs.datanode.block.id.layout.upgrade.threads 12 hdfs-default.xml job.xml 
hadoop.registry.jaas.context Client core-default.xml job.xml 
yarn.timeline-service.webapp.address ${yarn.timeline-service.hostname}:8188 yarn-default.xml job.xml 
mapreduce.jobhistory.address 192.168.130.56:10020 mapred-site.xml job.xml 
mapreduce.jobtracker.persist.jobstatus.active true mapred-default.xml job.xml 
file.blocksize 67108864 core-default.xml job.xml 
dfs.datanode.readahead.bytes 4194304 hdfs-default.xml job.xml 
yarn.sharedcache.cleaner.period-mins 1440 yarn-default.xml job.xml 
dfs.namenode.http-address 192.168.130.56:50070 hdfs-site.xml job.xml 
ipc.client.ping true core-default.xml job.xml 
yarn.resourcemanager.leveldb-state-store.compaction-interval-secs 3600 yarn-default.xml job.xml 
hadoop.work.around.non.threadsafe.getpwuid false core-default.xml job.xml 
yarn.resourcemanager.configuration.provider-class org.apache.hadoop.yarn.LocalConfigurationProvider yarn-default.xml job.xml 
yarn.nodemanager.recovery.enabled false yarn-default.xml job.xml 
yarn.resourcemanager.hostname sist01 yarn-site.xml job.xml 
fs.s3n.multipart.uploads.enabled false core-default.xml job.xml 
yarn.nodemanager.disk-health-checker.enable false yarn-site.xml job.xml 
dfs.namenode.fs-limits.max-component-length 255 hdfs-default.xml job.xml 
ha.failover-controller.cli-check.rpc-timeout.ms 20000 core-default.xml job.xml 
ftp.client-write-packet-size 65536 core-default.xml job.xml 
mapreduce.reduce.shuffle.parallelcopies 3 from command line job.xml 
mapreduce.jobhistory.principal jhs/_HOST@REALM.TLD mapred-default.xml job.xml 
hadoop.http.authentication.simple.anonymous.allowed true core-default.xml job.xml 
yarn.log-aggregation.retain-seconds -1 yarn-default.xml job.xml 
yarn.nodemanager.windows-container.cpu-limit.enabled false yarn-default.xml job.xml 
mapreduce.client.genericoptionsparser.used true programatically job.xml 
yarn.timeline-service.http-authentication.simple.anonymous.allowed true yarn-default.xml job.xml 
dfs.namenode.secondary.https-address 0.0.0.0:50091 hdfs-default.xml job.xml 
mapreduce.job.ubertask.maxreduces 1 mapred-default.xml job.xml 
fs.s3a.connection.establish.timeout 5000 core-default.xml job.xml 
yarn.nodemanager.health-checker.interval-ms 600000 yarn-default.xml job.xml 
dfs.namenode.fs-limits.max-xattr-size 16384 hdfs-default.xml job.xml 
fs.s3a.multipart.purge false core-default.xml job.xml 
hadoop.security.kms.client.encrypted.key.cache.num.refill.threads 2 core-default.xml job.xml 
yarn.timeline-service.store-class org.apache.hadoop.yarn.server.timeline.LeveldbTimelineStore yarn-default.xml job.xml 
mapreduce.shuffle.transfer.buffer.size 131072 mapred-default.xml job.xml 
yarn.resourcemanager.zk-num-retries 1000 yarn-default.xml job.xml 
mapreduce.jobtracker.jobhistory.task.numberprogresssplits 12 mapred-default.xml job.xml 
yarn.sharedcache.store.in-memory.staleness-period-mins 10080 yarn-default.xml job.xml 
yarn.nodemanager.webapp.address ${yarn.nodemanager.hostname}:8042 yarn-default.xml job.xml 
yarn.app.mapreduce.client-am.ipc.max-retries 3 mapred-default.xml job.xml 
ipc.ping.interval 60000 core-default.xml job.xml 
ha.failover-controller.new-active.rpc-timeout.ms 60000 core-default.xml job.xml 
mapreduce.jobhistory.client.thread-count 10 mapred-default.xml job.xml 
dfs.namenode.block-placement-policy.default.prefer-local-node true hdfs-default.xml job.xml 
fs.trash.interval 0 core-default.xml job.xml 
mapreduce.fileoutputcommitter.algorithm.version 1 mapred-default.xml job.xml 
mapreduce.reduce.skip.maxgroups 0 mapred-default.xml job.xml 
dfs.namenode.top.windows.minutes 1,5,25 hdfs-default.xml job.xml 
mapreduce.reduce.memory.mb 4096 yarn-site.xml job.xml 
yarn.nodemanager.health-checker.script.timeout-ms 1200000 yarn-default.xml job.xml 
dfs.datanode.du.reserved 0 hdfs-default.xml job.xml 
dfs.namenode.resource.check.interval 5000 hdfs-default.xml job.xml 
mapreduce.client.progressmonitor.pollinterval 1000 mapred-default.xml job.xml 
yarn.nodemanager.hostname 0.0.0.0 yarn-default.xml job.xml 
yarn.resourcemanager.ha.enabled false yarn-default.xml job.xml 
dfs.ha.log-roll.period 120 hdfs-default.xml job.xml 
yarn.scheduler.minimum-allocation-vcores 1 yarn-default.xml job.xml 
mapreduce.job.outputformat.class org.apache.hadoop.examples.terasort.TeraOutputFormat programatically job.xml 
dfs.client.block.write.replace-datanode-on-failure.best-effort false hdfs-default.xml job.xml 
yarn.app.mapreduce.am.container.log.limit.kb 0 mapred-default.xml job.xml 
hadoop.http.authentication.signature.secret.file ${user.home}/hadoop-http-auth-signature-secret core-default.xml job.xml 
mapreduce.jobhistory.move.interval-ms 180000 mapred-default.xml job.xml 
yarn.nodemanager.container-executor.class org.apache.hadoop.yarn.server.nodemanager.DefaultContainerExecutor yarn-default.xml job.xml 
hadoop.security.authorization false core-default.xml job.xml 
dfs.storage.policy.enabled true hdfs-default.xml job.xml 
dfs.datanode.https.address 0.0.0.0:50475 hdfs-default.xml job.xml 
yarn.nodemanager.localizer.address ${yarn.nodemanager.hostname}:8040 yarn-default.xml job.xml 
dfs.namenode.replication.min 1 hdfs-default.xml job.xml 
mapreduce.jobhistory.recovery.store.fs.uri ${hadoop.tmp.dir}/mapred/history/recoverystore mapred-default.xml job.xml 
mapreduce.shuffle.connection-keep-alive.enable false mapred-default.xml job.xml 
dfs.namenode.top.num.users 10 hdfs-default.xml job.xml 
hadoop.common.configuration.version 0.23.0 core-default.xml job.xml 
yarn.app.mapreduce.task.container.log.backups 0 mapred-default.xml job.xml 
hadoop.security.groups.negative-cache.secs 30 core-default.xml job.xml 
mapreduce.ifile.readahead true mapred-default.xml job.xml 
yarn.nodemanager.resource.percentage-physical-cpu-limit 100 yarn-default.xml job.xml 
mapreduce.job.max.split.locations 10 mapred-default.xml job.xml 
dfs.datanode.max.locked.memory 0 hdfs-default.xml job.xml 
hadoop.registry.zk.quorum localhost:2181 core-default.xml job.xml 
fs.s3a.threads.keepalivetime 60 core-default.xml job.xml 
mapreduce.jobhistory.joblist.cache.size 20000 mapred-default.xml job.xml 
mapreduce.job.end-notification.max.attempts 5 mapred-default.xml 
dfs.image.transfer.timeout 60000 hdfs-default.xml job.xml 
dfs.client.read.shortcircuit.skip.checksum false hdfs-default.xml job.xml 
nfs.rtmax 1048576 hdfs-default.xml job.xml 
dfs.namenode.edit.log.autoroll.check.interval.ms 300000 hdfs-default.xml job.xml 
mapreduce.reduce.shuffle.connect.timeout 180000 mapred-default.xml job.xml 
dfs.datanode.failed.volumes.tolerated 0 hdfs-default.xml job.xml 
mapreduce.jobhistory.webapp.address 192.168.130.56:19888 mapred-site.xml job.xml 
fs.s3a.connection.timeout 50000 core-default.xml job.xml 
dfs.client.mmap.retry.timeout.ms 300000 hdfs-default.xml job.xml 
dfs.datanode.data.dir.perm 700 hdfs-default.xml job.xml 
yarn.sharedcache.nm.uploader.replication.factor 10 yarn-default.xml job.xml 
hadoop.http.authentication.token.validity 36000 core-default.xml job.xml 
ipc.client.connect.max.retries.on.timeouts 45 core-default.xml job.xml 
yarn.nodemanager.docker-container-executor.exec-name /usr/bin/docker yarn-default.xml job.xml 
yarn.app.mapreduce.am.job.committer.cancel-timeout 60000 mapred-default.xml job.xml 
dfs.ha.fencing.ssh.connect-timeout 30000 core-default.xml job.xml 
mapreduce.reduce.log.level INFO mapred-default.xml job.xml 
mapreduce.reduce.shuffle.merge.percent 0.66 mapred-default.xml job.xml 
ipc.client.fallback-to-simple-auth-allowed false core-default.xml job.xml 
io.serializations org.apache.hadoop.io.serializer.WritableSerialization,org.apache.hadoop.io.serializer.avro.AvroSpecificSerialization,org.apache.hadoop.io.serializer.avro.AvroReflectSerialization core-default.xml job.xml 
fs.s3.block.size 67108864 core-default.xml job.xml 
yarn.nodemanager.linux-container-executor.nonsecure-mode.local-user nobody yarn-default.xml job.xml 
hadoop.kerberos.kinit.command kinit core-default.xml job.xml 
hadoop.security.kms.client.encrypted.key.cache.expiry 43200000 core-default.xml job.xml 
yarn.resourcemanager.fs.state-store.uri ${hadoop.tmp.dir}/yarn/system/rmstore yarn-default.xml job.xml 
yarn.dispatcher.drain-events.timeout 300000 yarn-default.xml job.xml 
yarn.admin.acl * yarn-default.xml job.xml 
dfs.namenode.delegation.token.max-lifetime 604800000 hdfs-default.xml job.xml 
mapreduce.reduce.merge.inmem.threshold 1000 mapred-default.xml job.xml 
net.topology.impl org.apache.hadoop.net.NetworkTopology core-default.xml job.xml 
yarn.resourcemanager.ha.automatic-failover.enabled true yarn-default.xml job.xml 
dfs.datanode.use.datanode.hostname false hdfs-default.xml job.xml 
dfs.heartbeat.interval 3 hdfs-default.xml job.xml 
yarn.resourcemanager.scheduler.class org.apache.hadoop.yarn.server.resourcemanager.scheduler.capacity.CapacityScheduler yarn-default.xml job.xml 
io.map.index.skip 0 core-default.xml job.xml 
dfs.namenode.handler.count 10 hdfs-default.xml job.xml 
yarn.resourcemanager.webapp.https.address ${yarn.resourcemanager.hostname}:8090 yarn-default.xml job.xml 
yarn.nodemanager.admin-env MALLOC_ARENA_MAX=$MALLOC_ARENA_MAX yarn-default.xml job.xml 
hadoop.security.crypto.cipher.suite AES/CTR/NoPadding core-default.xml job.xml 
mapreduce.task.profile.map.params ${mapreduce.task.profile.params} mapred-default.xml job.xml 
mapreduce.jobtracker.jobhistory.block.size 3145728 mapred-default.xml job.xml 
hadoop.security.crypto.buffer.size 8192 core-default.xml job.xml 
yarn.nodemanager.aux-services.mapreduce_shuffle.class org.apache.hadoop.mapred.ShuffleHandler yarn-default.xml job.xml 
mapreduce.cluster.acls.enabled false mapred-default.xml job.xml 
yarn.sharedcache.uploader.server.address 0.0.0.0:8046 yarn-default.xml job.xml 
fs.s3a.threads.max 256 core-default.xml job.xml 
mapreduce.job.cache.files.filesizes 0 programatically job.xml 
fs.har.impl.disable.cache true core-default.xml job.xml 
mapreduce.tasktracker.map.tasks.maximum 2 mapred-default.xml job.xml 
ipc.client.connect.timeout 20000 core-default.xml job.xml 
yarn.nodemanager.remote-app-log-dir-suffix logs yarn-default.xml job.xml 
fs.df.interval 60000 core-default.xml job.xml 
hadoop.util.hash.type murmur core-default.xml job.xml 
mapreduce.jobhistory.minicluster.fixed.ports false mapred-default.xml job.xml 
mapreduce.jobtracker.jobhistory.lru.cache.size 5 mapred-default.xml job.xml 
yarn.app.mapreduce.shuffle.log.limit.kb 0 mapred-default.xml job.xml 
dfs.client.failover.max.attempts 15 hdfs-default.xml job.xml 
dfs.client.use.datanode.hostname false hdfs-default.xml job.xml 
ha.zookeeper.acl world:anyone:rwcda core-default.xml job.xml 
mapreduce.jobtracker.maxtasks.perjob -1 mapred-default.xml job.xml 
mapreduce.job.speculative.speculative-cap-running-tasks 0.1 mapred-default.xml job.xml 
mapreduce.map.sort.spill.percent 0.80 mapred-default.xml job.xml 
file.stream-buffer-size 4096 core-default.xml job.xml 
yarn.resourcemanager.ha.automatic-failover.embedded true yarn-default.xml job.xml 
yarn.resourcemanager.nodemanager.minimum.version NONE yarn-default.xml job.xml 
hadoop.fuse.connection.timeout 300 hdfs-default.xml job.xml 
mapreduce.tasktracker.instrumentation org.apache.hadoop.mapred.TaskTrackerMetricsInst mapred-default.xml job.xml 
io.seqfile.sorter.recordlimit 1000000 core-default.xml job.xml 
yarn.sharedcache.webapp.address 0.0.0.0:8788 yarn-default.xml job.xml 
yarn.app.mapreduce.am.resource.mb 1536 mapred-default.xml job.xml 
mapreduce.framework.name yarn mapred-site.xml job.xml 
mapreduce.job.reduce.slowstart.completedmaps 1 mapred-site.xml job.xml 
yarn.resourcemanager.client.thread-count 50 yarn-default.xml job.xml 
mapreduce.cluster.temp.dir ${hadoop.tmp.dir}/mapred/temp mapred-default.xml job.xml 
dfs.client.mmap.enabled true hdfs-default.xml job.xml 
mapreduce.jobhistory.intermediate-done-dir /jobhistory/done_intermediate mapred-site.xml job.xml 
fs.s3a.attempts.maximum 10 core-default.xml job.xml 
